This is pdfTeX, Version 3.1415926-2.5-1.40.14 (MiKTeX 2.9 64-bit) (preloaded format=pdftex 2014.11.11)  8 DEC 2014 17:34
entering extended mode
**C:/Users/Ellyonia/Documents/GitHub/myHUMPS/CSE*4344*Project*Paper*Second*Atte
mpt/unfairMACPaperbib.bib

("C:/Users/Ellyonia/Documents/GitHub/myHUMPS/CSE 4344 Project Paper Second Atte
mpt/unfairMACPaperbib.bib"
Overfull \hbox (22.6627pt too wide) in paragraph at lines 26--39
[]\tenrm @article4548143, Au-thor = Ma, R.T.B. and Misra, V. and Ruben-stein, D
., Doi = 10.1109/TNET.2008.925633,|

\hbox(7.5+2.5)x469.75499, glue set - 1.0
.\hbox(0.0+0.0)x20.0
.\tenrm @
.\tenrm a
.\tenrm r
.\tenrm t
.etc.


Overfull \hbox (6.71716pt too wide) in paragraph at lines 26--39
\tenrm pro-to-cols;channel al-lo-ca-tion;probability;MAC pro-to-cols;Markov mod
-els;channel uti-liza-tion;generalized slotted-|

\hbox(6.94444+1.94444)x469.75499, glue set - 1.0
.\tenrm p
.\tenrm r
.\tenrm o
.\discretionary
..\tenrm -
.\tenrm t
.etc.


Overfull \hbox (25.31427pt too wide) in paragraph at lines 26--39
\tenrm state sys-tem;MAC pro-to-cols;Markovian de-ci-sion;Prisoner's Dilemma;St
ackelberg Game;short-term fairness;slotted-|

\hbox(6.94444+1.94444)x469.75499, glue set - 1.0
.\tenrm s
.\tenrm t
.\tenrm a
.\tenrm t
.\tenrm e
.etc.


Overfull \hbox (98.30186pt too wide) in paragraph at lines 40--53
[]\tenrm @article6336861, Au-thor = Ste-fanovic, C. and Popovski, P. and Vuko-b
ra-tovic, D., Doi = 10.1109/LCOMM.2012.101712.121073,|

\hbox(7.5+2.5)x469.75499, glue set - 1.0
.\hbox(0.0+0.0)x20.0
.\tenrm @
.\tenrm a
.\tenrm r
.\tenrm t
.etc.


Overfull \hbox (21.3837pt too wide) in paragraph at lines 40--53
\tenrm scheme;erasure chan-nels;frameless ALOHA pro-to-col;iterative belief-pro
pagation de-cod-ing;rateless codes;resolution|

\hbox(6.94444+1.94444)x469.75499, glue set - 1.0
.\tenrm s
.\tenrm c
.\kern-0.27779
.\tenrm h
.\tenrm e
.etc.


Overfull \hbox (16.07916pt too wide) in paragraph at lines 40--53
\tenrm prob-a-bil-ity;slot ac-cess prob-a-bil-ity;slotted ALOHA;successive in-t
er-fer-ence can-cel-la-tion;user trans-mis-sions;wireless|

\hbox(6.94444+1.94444)x469.75499, glue set - 1.0
.\tenrm p
.\tenrm r
.\tenrm o
.\tenrm b
.\discretionary
..\tenrm -
.etc.


Overfull \hbox (24.99599pt too wide) in paragraph at lines 40--53
\tenrm link;wireless net-works;Interference;Iterative de-cod-ing;Protocols;Rand
om me-dia;Throughput;Upper bound;Wireless|

\hbox(6.94444+1.94444)x469.75499, glue set - 1.0
.\tenrm l
.\tenrm i
.\tenrm n
.\tenrm k
.\tenrm ;
.etc.


Overfull \hbox (5.99481pt too wide) in paragraph at lines 54--63
\tenrm MAC;MAC pro-to-col;broadcast chan-nel shar-ing;capture ef-fects;dynamic 
mul-ti-hop wire-less net-work;fair medium|

\hbox(6.94444+1.94444)x469.75499, glue set - 1.0
.\tenrm M
.\tenrm A
.\kern-0.27779
.\tenrm C
.\tenrm ;
.etc.


Overfull \hbox (47.69048pt too wide) in paragraph at lines 54--63
\tenrm ac-cess;fairness in-dex;fairness prob-lem;hidden ter-mi-nal prob-lem;med
ium ac-cess con-trol pro-to-col;mobile stations;partially-|

\hbox(6.94444+1.94444)x469.75499, glue set - 1.0
.\tenrm a
.\tenrm c
.\discretionary
..\tenrm -
.\tenrm c
.\tenrm e
.etc.


Overfull \hbox (5.2738pt too wide) in paragraph at lines 54--63
\tenrm based wire-less ad-hoc net-works, Year = 2000, Bdsk-Url-1 = http://dx.do
i.org/10.1109/MOBHOC.2000.869217 |

\hbox(7.5+2.5)x469.75499, glue set - 1.0
.\tenrm b
.\tenrm a
.\tenrm s
.\tenrm e
.\tenrm d
.etc.


Overfull \hbox (46.42674pt too wide) in paragraph at lines 64--77
[]\tenrm @article5340799, Au-thor = Gum-malla, Ajay Chan-dra V. and Limb, John 
O., Doi = 10.1109/COMST.2000.5340799,|

\hbox(7.5+2.5)x469.75499, glue set - 1.0
.\hbox(0.0+0.0)x20.0
.\tenrm @
.\tenrm a
.\tenrm r
.\tenrm t
.etc.


Overfull \hbox (89.0239pt too wide) in paragraph at lines 64--77
\tenrm Issn = 1553-877X, Jour-nal = Com-mu-ni-ca-tions Sur-veys Tu-to-ri-als, I
EEE, Key-words = Ac-cess pro-to-cols;Bandwidth;Communication|

\hbox(6.94444+1.94444)x469.75499, glue set - 1.0
.\tenrm I
.\tenrm s
.\tenrm s
.\tenrm n
.\glue 3.33333 plus 1.66666 minus 1.11111
.etc.


Overfull \hbox (24.19052pt too wide) in paragraph at lines 64--77
\tenrm ac-cess con-trol pro-to-cols, Vol-ume = 3, Year = 2000, Bdsk-Url-1 = htt
p://dx.doi.org/10.1109/COMST.2000.5340799 |

\hbox(7.5+2.5)x469.75499, glue set - 1.0
.\tenrm a
.\tenrm c
.\discretionary
..\tenrm -
.\tenrm c
.\tenrm e
.etc.

! Missing $ inserted.
<inserted text> 
                $
<to be read again> 
                   _
l.84 	Issue_
            Date = {Oct. 1997},
? 
! Emergency stop.
<inserted text> 
                $
<to be read again> 
                   _
l.84 	Issue_
            Date = {Oct. 1997},
End of file on the terminal!

!  ==> Fatal error occurred, no output PDF file produced!
